app/build/outputs/logs/manifest-merger-debug-report.txt
-- Merging decision tree log ---
manifest
ADDED from src/main/AndroidManifest.xml:2:1-135:12
	package
		ADDED from src/main/AndroidManifest.xml:3:5-42
		INJECTED from src/main/AndroidManifest.xml
		INJECTED from src/main/AndroidManifest.xml
	android:versionName
		INJECTED from src/main/AndroidManifest.xml
		INJECTED from src/main/AndroidManifest.xml
	xmlns:android
		ADDED from src/main/AndroidManifest.xml:2:11-69
	android:versionCode
		INJECTED from src/main/AndroidManifest.xml
		INJECTED from src/main/AndroidManifest.xml
uses-permission#android.permission.INTERNET
ADDED from src/main/AndroidManifest.xml:5:5-67
	android:name
		ADDED from src/main/AndroidManifest.xml:5:22-64
uses-permission#android.permission.ACCESS_NETWORK_STATE
ADDED from src/main/AndroidManifest.xml:6:5-79
	android:name
		ADDED from src/main/AndroidManifest.xml:6:22-76
uses-permission#android.permission.ACCESS_FINE_LOCATION
ADDED from src/main/AndroidManifest.xml:7:5-79
	android:name
		ADDED from src/main/AndroidManifest.xml:7:22-76
uses-feature#android.hardware.camera
ADDED from src/main/AndroidManifest.xml:9:5-11:35
	android:required
		ADDED from src/main/AndroidManifest.xml:11:9-32
	android:name
		ADDED from src/main/AndroidManifest.xml:10:9-47
uses-permission#android.permission.READ_EXTERNAL_STORAGE
ADDED from src/main/AndroidManifest.xml:13:5-80
	android:name
		ADDED from src/main/AndroidManifest.xml:13:22-77
uses-permission#android.permission.WRITE_EXTERNAL_STORAGE
ADDED from src/main/AndroidManifest.xml:14:5-81
	android:name
		ADDED from src/main/AndroidManifest.xml:14:22-78
application
ADDED from src/main/AndroidManifest.xml:16:5-133:19
MERGED from [com.android.support:support-v4:22.2.1] AndroidManifest.xml:22:5-20
MERGED from [com.android.support:appcompat-v7:22.2.1] AndroidManifest.xml:22:5-20
MERGED from [com.android.support:support-v4:22.2.1] AndroidManifest.xml:22:5-20
MERGED from [com.android.support:support-v4:22.2.1] AndroidManifest.xml:22:5-20
MERGED from [com.android.support:cardview-v7:22.2.0] AndroidManifest.xml:22:5-20
MERGED from [com.android.support:design:22.2.0] AndroidManifest.xml:22:5-20
MERGED from [com.android.support:appcompat-v7:22.2.1] AndroidManifest.xml:22:5-20
MERGED from [com.android.support:support-v4:22.2.1] AndroidManifest.xml:22:5-20
MERGED from [com.android.support:support-v4:22.2.1] AndroidManifest.xml:22:5-20
MERGED from [com.github.clans:fab:1.5.0] AndroidManifest.xml:12:5-20
	android:label
		ADDED from src/main/AndroidManifest.xml:20:9-41
	android:allowBackup
		ADDED from src/main/AndroidManifest.xml:17:9-35
	android:icon
		ADDED from src/main/AndroidManifest.xml:19:9-45
	android:largeHeap
		ADDED from src/main/AndroidManifest.xml:18:9-33
	android:theme
		ADDED from src/main/AndroidManifest.xml:21:9-40
activity#com.gruppe1.pem.challengeme.views.TabsFragmentActivity
ADDED from src/main/AndroidManifest.xml:22:9-31:20
	android:screenOrientation
		ADDED from src/main/AndroidManifest.xml:26:13-49
	android:label
		ADDED from src/main/AndroidManifest.xml:24:13-45
	android:configChanges
		ADDED from src/main/AndroidManifest.xml:25:13-48
	android:name
		ADDED from src/main/AndroidManifest.xml:23:13-55
intent-filter#android.intent.action.MAIN+android.intent.category.LAUNCHER
ADDED from src/main/AndroidManifest.xml:27:13-30:29
action#android.intent.action.MAIN
ADDED from src/main/AndroidManifest.xml:28:17-69
	android:name
		ADDED from src/main/AndroidManifest.xml:28:25-66
category#android.intent.category.LAUNCHER
ADDED from src/main/AndroidManifest.xml:29:17-77
	android:name
		ADDED from src/main/AndroidManifest.xml:29:27-74
activity#com.gruppe1.pem.challengeme.views.NewCompareActivity
ADDED from src/main/AndroidManifest.xml:32:9-41:20
	android:screenOrientation
		ADDED from src/main/AndroidManifest.xml:37:13-49
	android:label
		ADDED from src/main/AndroidManifest.xml:34:13-66
	android:parentActivityName
		ADDED from src/main/AndroidManifest.xml:35:13-69
	android:configChanges
		ADDED from src/main/AndroidManifest.xml:36:13-48
	android:name
		ADDED from src/main/AndroidManifest.xml:33:13-53
meta-data#android.support.PARENT_ACTIVITY
ADDED from src/main/AndroidManifest.xml:38:13-40:63
	android:value
		ADDED from src/main/AndroidManifest.xml:40:17-60
	android:name
		ADDED from src/main/AndroidManifest.xml:39:17-63
activity#com.gruppe1.pem.challengeme.views.SavedComparesDetailActivity
ADDED from src/main/AndroidManifest.xml:42:9-51:20
	android:screenOrientation
		ADDED from src/main/AndroidManifest.xml:47:13-49
	android:label
		ADDED from src/main/AndroidManifest.xml:44:13-73
	android:parentActivityName
		ADDED from src/main/AndroidManifest.xml:45:13-67
	android:configChanges
		ADDED from src/main/AndroidManifest.xml:46:13-48
	android:name
		ADDED from src/main/AndroidManifest.xml:43:13-62
activity#com.gruppe1.pem.challengeme.views.NewItemActivity
ADDED from src/main/AndroidManifest.xml:52:9-66:20
	android:screenOrientation
		ADDED from src/main/AndroidManifest.xml:57:13-49
	android:label
		ADDED from src/main/AndroidManifest.xml:54:13-60
	android:parentActivityName
		ADDED from src/main/AndroidManifest.xml:55:13-69
	android:configChanges
		ADDED from src/main/AndroidManifest.xml:56:13-48
	android:name
		ADDED from src/main/AndroidManifest.xml:53:13-50
intent-filter#android.intent.action.SEND+android.intent.category.DEFAULT
ADDED from src/main/AndroidManifest.xml:61:13-65:29
action#android.intent.action.SEND
ADDED from src/main/AndroidManifest.xml:62:17-69
	android:name
		ADDED from src/main/AndroidManifest.xml:62:25-66
category#android.intent.category.DEFAULT
ADDED from src/main/AndroidManifest.xml:63:17-76
	android:name
		ADDED from src/main/AndroidManifest.xml:63:27-73
data
ADDED from src/main/AndroidManifest.xml:64:17-52
	android:mimeType
		ADDED from src/main/AndroidManifest.xml:64:23-49
activity#com.gruppe1.pem.challengeme.views.NewCategoryActivity
ADDED from src/main/AndroidManifest.xml:67:9-76:20
	android:screenOrientation
		ADDED from src/main/AndroidManifest.xml:72:13-49
	android:label
		ADDED from src/main/AndroidManifest.xml:69:13-64
	android:parentActivityName
		ADDED from src/main/AndroidManifest.xml:70:13-69
	android:configChanges
		ADDED from src/main/AndroidManifest.xml:71:13-48
	android:name
		ADDED from src/main/AndroidManifest.xml:68:13-54
activity#com.gruppe1.pem.challengeme.views.ItemsListActivity
ADDED from src/main/AndroidManifest.xml:77:9-86:20
	android:screenOrientation
		ADDED from src/main/AndroidManifest.xml:82:13-49
	android:label
		ADDED from src/main/AndroidManifest.xml:79:13-62
	android:parentActivityName
		ADDED from src/main/AndroidManifest.xml:80:13-69
	android:configChanges
		ADDED from src/main/AndroidManifest.xml:81:13-48
	android:name
		ADDED from src/main/AndroidManifest.xml:78:13-52
activity#com.gruppe1.pem.challengeme.views.CollectionItemsActivity
ADDED from src/main/AndroidManifest.xml:87:9-95:20
	android:screenOrientation
		ADDED from src/main/AndroidManifest.xml:91:13-49
	android:parentActivityName
		ADDED from src/main/AndroidManifest.xml:89:13-66
	android:configChanges
		ADDED from src/main/AndroidManifest.xml:90:13-48
	android:name
		ADDED from src/main/AndroidManifest.xml:88:13-58
activity#com.gruppe1.pem.challengeme.views.SettingsActivity
ADDED from src/main/AndroidManifest.xml:96:9-104:20
	android:screenOrientation
		ADDED from src/main/AndroidManifest.xml:100:13-49
	android:parentActivityName
		ADDED from src/main/AndroidManifest.xml:98:13-69
	android:configChanges
		ADDED from src/main/AndroidManifest.xml:99:13-48
	android:name
		ADDED from src/main/AndroidManifest.xml:97:13-51
activity#com.gruppe1.pem.challengeme.views.FullscreenImageActivity
ADDED from src/main/AndroidManifest.xml:105:9-114:20
	android:label
		ADDED from src/main/AndroidManifest.xml:108:13-68
	android:parentActivityName
		ADDED from src/main/AndroidManifest.xml:109:13-72
	android:configChanges
		ADDED from src/main/AndroidManifest.xml:107:13-74
	android:theme
		ADDED from src/main/AndroidManifest.xml:110:13-51
	android:name
		ADDED from src/main/AndroidManifest.xml:106:13-58
activity#com.gruppe1.pem.challengeme.views.SearchResultsActivity
ADDED from src/main/AndroidManifest.xml:115:9-132:20
	android:screenOrientation
		ADDED from src/main/AndroidManifest.xml:120:13-49
	android:parentActivityName
		ADDED from src/main/AndroidManifest.xml:117:13-69
	android:configChanges
		ADDED from src/main/AndroidManifest.xml:118:13-48
	android:theme
		ADDED from src/main/AndroidManifest.xml:119:13-50
	android:name
		ADDED from src/main/AndroidManifest.xml:116:13-56
meta-data#android.app.searchable
ADDED from src/main/AndroidManifest.xml:127:13-129:54
	android:resource
		ADDED from src/main/AndroidManifest.xml:129:17-51
	android:name
		ADDED from src/main/AndroidManifest.xml:128:17-54
meta-data#android.app.default_searchable
ADDED from src/main/AndroidManifest.xml:130:13-131:91
	android:value
		ADDED from src/main/AndroidManifest.xml:131:17-88
	android:name
		ADDED from src/main/AndroidManifest.xml:130:24-69
uses-sdk
INJECTED from src/main/AndroidManifest.xml reason: use-sdk injection requested
MERGED from [com.android.support:support-v4:22.2.1] AndroidManifest.xml:20:5-43
MERGED from [com.android.support:appcompat-v7:22.2.1] AndroidManifest.xml:20:5-43
MERGED from [com.android.support:support-v4:22.2.1] AndroidManifest.xml:20:5-43
MERGED from [com.android.support:recyclerview-v7:22.2.0] AndroidManifest.xml:20:5-43
MERGED from [com.android.support:support-v4:22.2.1] AndroidManifest.xml:20:5-43
MERGED from [com.android.support:cardview-v7:22.2.0] AndroidManifest.xml:20:5-43
MERGED from [com.android.support:design:22.2.0] AndroidManifest.xml:20:5-43
MERGED from [com.android.support:appcompat-v7:22.2.1] AndroidManifest.xml:20:5-43
MERGED from [com.android.support:support-v4:22.2.1] AndroidManifest.xml:20:5-43
MERGED from [com.android.support:support-v4:22.2.1] AndroidManifest.xml:20:5-43
MERGED from [com.github.clans:fab:1.5.0] AndroidManifest.xml:8:5-10:41
MERGED from [com.android.support:multidex:1.0.1] AndroidManifest.xml:18:5-42
	android:targetSdkVersion
		INJECTED from src/main/AndroidManifest.xml
		INJECTED from src/main/AndroidManifest.xml
	android:minSdkVersion
		INJECTED from src/main/AndroidManifest.xml
		INJECTED from src/main/AndroidManifest.xml